capital-common-countries:
ACCURACY TOP1: 85.97 %  (435 / 506)
Total accuracy: 85.97 %   Semantic accuracy: 85.97 %   Syntactic accuracy: -nan % 
capital-world:
ACCURACY TOP1: 49.05 %  (1748 / 3564)
Total accuracy: 53.64 %   Semantic accuracy: 53.64 %   Syntactic accuracy: -nan % 
currency:
ACCURACY TOP1: 15.10 %  (90 / 596)
Total accuracy: 48.71 %   Semantic accuracy: 48.71 %   Syntactic accuracy: -nan % 
city-in-state:
ACCURACY TOP1: 44.68 %  (1041 / 2330)
Total accuracy: 47.37 %   Semantic accuracy: 47.37 %   Syntactic accuracy: -nan % 
family:
ACCURACY TOP1: 48.57 %  (204 / 420)
Total accuracy: 47.44 %   Semantic accuracy: 47.44 %   Syntactic accuracy: -nan % 
gram1-adjective-to-adverb:
ACCURACY TOP1: 11.79 %  (117 / 992)
Total accuracy: 43.23 %   Semantic accuracy: 47.44 %   Syntactic accuracy: 11.79 % 
gram2-opposite:
ACCURACY TOP1: 7.54 %  (57 / 756)
Total accuracy: 40.29 %   Semantic accuracy: 47.44 %   Syntactic accuracy: 9.95 % 
gram3-comparative:
ACCURACY TOP1: 44.37 %  (591 / 1332)
Total accuracy: 40.81 %   Semantic accuracy: 47.44 %   Syntactic accuracy: 24.84 % 
gram4-superlative:
ACCURACY TOP1: 15.42 %  (153 / 992)
Total accuracy: 38.61 %   Semantic accuracy: 47.44 %   Syntactic accuracy: 22.54 % 
gram5-present-participle:
ACCURACY TOP1: 19.41 %  (205 / 1056)
Total accuracy: 37.00 %   Semantic accuracy: 47.44 %   Syntactic accuracy: 21.90 % 
gram6-nationality-adjective:
ACCURACY TOP1: 82.31 %  (1252 / 1521)
Total accuracy: 41.90 %   Semantic accuracy: 47.44 %   Syntactic accuracy: 35.72 % 
gram7-past-tense:
ACCURACY TOP1: 30.58 %  (477 / 1560)
Total accuracy: 40.77 %   Semantic accuracy: 47.44 %   Syntactic accuracy: 34.74 % 
gram8-plural:
ACCURACY TOP1: 48.50 %  (646 / 1332)
Total accuracy: 41.38 %   Semantic accuracy: 47.44 %   Syntactic accuracy: 36.66 % 
gram9-plural-verbs:
ACCURACY TOP1: 23.10 %  (201 / 870)
Total accuracy: 40.48 %   Semantic accuracy: 47.44 %   Syntactic accuracy: 35.53 % 
Questions seen / total: 17827 19544   91.21 % 
